Performing C SOURCE FILE Test CMAKE_HAVE_LIBC_PTHREAD failed with the following output:
Change Dir: /home/geant/Desktop/Marcos_TFG_GEANT/git/GEANT4_TFG/simulaciones_articulo/aplicacion3/build/CMakeFiles/CMakeTmp

Run Build Command(s):/usr/bin/make cmTC_7d36c/fast && /usr/bin/make  -f CMakeFiles/cmTC_7d36c.dir/build.make CMakeFiles/cmTC_7d36c.dir/build
make[1]: Entering directory '/home/geant/Desktop/Marcos_TFG_GEANT/git/GEANT4_TFG/simulaciones_articulo/aplicacion3/build/CMakeFiles/CMakeTmp'
Building C object CMakeFiles/cmTC_7d36c.dir/src.c.o
/usr/bin/cc   -DCMAKE_HAVE_LIBC_PTHREAD   -o CMakeFiles/cmTC_7d36c.dir/src.c.o   -c /home/geant/Desktop/Marcos_TFG_GEANT/git/GEANT4_TFG/simulaciones_articulo/aplicacion3/build/CMakeFiles/CMakeTmp/src.c
Linking C executable cmTC_7d36c
/usr/local/bin/cmake -E cmake_link_script CMakeFiles/cmTC_7d36c.dir/link.txt --verbose=1
/usr/bin/cc  -DCMAKE_HAVE_LIBC_PTHREAD    CMakeFiles/cmTC_7d36c.dir/src.c.o  -o cmTC_7d36c 
CMakeFiles/cmTC_7d36c.dir/src.c.o: In function `main':
src.c:(.text+0x3e): undefined reference to `pthread_create'
src.c:(.text+0x4a): undefined reference to `pthread_detach'
src.c:(.text+0x5b): undefined reference to `pthread_join'
src.c:(.text+0x6f): undefined reference to `pthread_atfork'
collect2: error: ld returned 1 exit status
CMakeFiles/cmTC_7d36c.dir/build.make:89: recipe for target 'cmTC_7d36c' failed
make[1]: *** [cmTC_7d36c] Error 1
make[1]: Leaving directory '/home/geant/Desktop/Marcos_TFG_GEANT/git/GEANT4_TFG/simulaciones_articulo/aplicacion3/build/CMakeFiles/CMakeTmp'
Makefile:124: recipe for target 'cmTC_7d36c/fast' failed
make: *** [cmTC_7d36c/fast] Error 2


Source file was:
#include <pthread.h>

void* test_func(void* data)
{
  return data;
}

int main(void)
{
  pthread_t thread;
  pthread_create(&thread, NULL, test_func, NULL);
  pthread_detach(thread);
  pthread_join(thread, NULL);
  pthread_atfork(NULL, NULL, NULL);
  pthread_exit(NULL);

  return 0;
}

